Arguments: 
  /usr/local/bin/node /usr/local/bin/yarn install

PATH: 
  /usr/local/bin:/usr/bin:/bin:/usr/sbin:/sbin

Yarn version: 
  0.17.9

Node version: 
  6.9.1

Platform: 
  darwin x64

npm manifest: 
  {
    "name": "initApp",
    "version": "1.0.0",
    "description": "Webpack boilerplate",
    "main": "app.js",
    "scripts": {
      "test": "echo \"Error: no test specified\" && exit 1",
      "server": "./node_modules/.bin/webpack-dev-server --content-base src --inline --hot"
    },
    "devDependencies": {},
    "dependencies": {
      "babel-polyfill": "^6.9.1",
      "jquery": "^3.1.0",
      "babel-core": "^6.10.4",
      "babel-loader": "^6.2.4",
      "babel-preset-es2015": "^6.14.0",
      "webpack": "^1.13.1",
       "react": "^0.14.7",
      "react-addons-css-transition-group": "^0.14.7",
      "react-dom": "^0.14.7",
      "react-redux": "^4.4.0",
      "react-router": "^2.0.0",
      "react-router-redux": "^4.0.0",
      "react-transform-catch-errors": "^1.0.2",
      "react-transform-hmr": "^1.0.2",
      "redbox-react": "^1.2.2",
      "redux": "^3.3.1",
      "redux-axios": "0.0.2"
    },
    "author": "Niraj Maharjan <neerooze@gmail.com>",
    "license": "ISC"
  }

yarn manifest: 
  No manifest

Lockfile: 
  No lockfile

Trace: 
  Error: read ETIMEDOUT
      at exports._errnoException (util.js:1026:11)
      at TLSWrap.onread (net.js:569:26)
